Determining if the pthread_create exist failed with the following output:
Change Dir: /home/hieu/MAVSDK_Project_Test/fly_mission_norl/build/CMakeFiles/CMakeTmp

Run Build Command:"/usr/bin/make" "cmTC_55654/fast"
/usr/bin/make -f CMakeFiles/cmTC_55654.dir/build.make CMakeFiles/cmTC_55654.dir/build
make[1]: Entering directory '/home/hieu/MAVSDK_Project_Test/fly_mission_norl/build/CMakeFiles/CMakeTmp'
Building C object CMakeFiles/cmTC_55654.dir/CheckSymbolExists.c.o
/usr/bin/cc    -o CMakeFiles/cmTC_55654.dir/CheckSymbolExists.c.o   -c /home/hieu/MAVSDK_Project_Test/fly_mission_norl/build/CMakeFiles/CMakeTmp/CheckSymbolExists.c
Linking C executable cmTC_55654
/usr/bin/cmake -E cmake_link_script CMakeFiles/cmTC_55654.dir/link.txt --verbose=1
/usr/bin/cc      -rdynamic CMakeFiles/cmTC_55654.dir/CheckSymbolExists.c.o  -o cmTC_55654 
CMakeFiles/cmTC_55654.dir/CheckSymbolExists.c.o: In function `main':
CheckSymbolExists.c:(.text+0x1b): undefined reference to `pthread_create'
collect2: error: ld returned 1 exit status
CMakeFiles/cmTC_55654.dir/build.make:97: recipe for target 'cmTC_55654' failed
make[1]: *** [cmTC_55654] Error 1
make[1]: Leaving directory '/home/hieu/MAVSDK_Project_Test/fly_mission_norl/build/CMakeFiles/CMakeTmp'
Makefile:126: recipe for target 'cmTC_55654/fast' failed
make: *** [cmTC_55654/fast] Error 2

File /home/hieu/MAVSDK_Project_Test/fly_mission_norl/build/CMakeFiles/CMakeTmp/CheckSymbolExists.c:
/* */
#include <pthread.h>

int main(int argc, char** argv)
{
  (void)argv;
#ifndef pthread_create
  return ((int*)(&pthread_create))[argc];
#else
  (void)argc;
  return 0;
#endif
}

Determining if the function pthread_create exists in the pthreads failed with the following output:
Change Dir: /home/hieu/MAVSDK_Project_Test/fly_mission_norl/build/CMakeFiles/CMakeTmp

Run Build Command:"/usr/bin/make" "cmTC_33dde/fast"
/usr/bin/make -f CMakeFiles/cmTC_33dde.dir/build.make CMakeFiles/cmTC_33dde.dir/build
make[1]: Entering directory '/home/hieu/MAVSDK_Project_Test/fly_mission_norl/build/CMakeFiles/CMakeTmp'
Building C object CMakeFiles/cmTC_33dde.dir/CheckFunctionExists.c.o
/usr/bin/cc   -DCHECK_FUNCTION_EXISTS=pthread_create   -o CMakeFiles/cmTC_33dde.dir/CheckFunctionExists.c.o   -c /usr/share/cmake-3.10/Modules/CheckFunctionExists.c
Linking C executable cmTC_33dde
/usr/bin/cmake -E cmake_link_script CMakeFiles/cmTC_33dde.dir/link.txt --verbose=1
/usr/bin/cc  -DCHECK_FUNCTION_EXISTS=pthread_create    -rdynamic CMakeFiles/cmTC_33dde.dir/CheckFunctionExists.c.o  -o cmTC_33dde -lpthreads 
/usr/bin/ld: cannot find -lpthreads
collect2: error: ld returned 1 exit status
CMakeFiles/cmTC_33dde.dir/build.make:97: recipe for target 'cmTC_33dde' failed
make[1]: *** [cmTC_33dde] Error 1
make[1]: Leaving directory '/home/hieu/MAVSDK_Project_Test/fly_mission_norl/build/CMakeFiles/CMakeTmp'
Makefile:126: recipe for target 'cmTC_33dde/fast' failed
make: *** [cmTC_33dde/fast] Error 2


